#
# A fatal error has been detected by the Java Runtime Environment:
#
#  EXCEPTION_ACCESS_VIOLATION (0xc0000005) at pc=0x00007fff529da1a3, pid=9996, tid=3856
#
# JRE version:  (11.0.8+10) (build )
# Java VM: OpenJDK 64-Bit Server VM (11.0.8+10, mixed mode, sharing, tiered, compressed oops, parallel gc, windows-amd64)
# Problematic frame:
# V  [jvm.dll+0x1ca1a3]
#
# No core dump will be written. Minidumps are not enabled by default on client versions of Windows
#
#

---------------  S U M M A R Y ------------

Command Line: --add-modules=ALL-SYSTEM --add-opens=java.base/java.util=ALL-UNNAMED --add-opens=java.base/java.lang=ALL-UNNAMED -Declipse.application=org.eclipse.jdt.ls.core.id1 -Dosgi.bundles.defaultStartLevel=4 -Declipse.product=org.eclipse.jdt.ls.core.product -Dfile.encoding=utf8 -DwatchParentProcess=false -XX:+UseParallelGC -XX:GCTimeRatio=4 -XX:AdaptiveSizePolicyWeight=90 -Dsun.zip.disableMemoryMapping=true -Xmx1G -Xms100m -Xverify:none c:\Users\ASUS\.vscode\extensions\redhat.java-0.70.0\server\plugins\org.eclipse.equinox.launcher_1.6.0.v20200915-1508.jar -configuration c:\Users\ASUS\AppData\Roaming\Code\User\globalStorage\redhat.java\0.70.0\config_ss_win -data c:\Users\ASUS\AppData\Roaming\Code\User\workspaceStorage\3b54c09e33edc7289c13af6a11d8f342\redhat.java\ss_ws

Host: AMD Ryzen 5 3550H with Radeon Vega Mobile Gfx  , 8 cores, 7G,  Windows 10 , 64 bit Build 19041 (10.0.19041.546)
Time: Wed Nov 11 10:57:13 2020 India Standard Time elapsed time: 0 seconds (0d 0h 0m 0s)

---------------  T H R E A D  ---------------

Current thread (0x0000023986938000):  JavaThread "Unknown thread" [_thread_in_vm, id=3856, stack(0x0000009e02a00000,0x0000009e02b00000)]

Stack: [0x0000009e02a00000,0x0000009e02b00000],  sp=0x0000009e02afebc0,  free space=1018k
Native frames: (J=compiled Java code, j=interpreted, Vv=VM code, C=native code)
V  [jvm.dll+0x1ca1a3]
V  [jvm.dll+0x1c83c3]
V  [jvm.dll+0x34bddb]
V  [jvm.dll+0x6d66d0]
V  [jvm.dll+0x3b32ef]
V  [jvm.dll+0x3b55a1]
C  [jli.dll+0x520b]
C  [ucrtbase.dll+0x214c2]
C  [KERNEL32.DLL+0x17034]
C  [ntdll.dll+0x4cec1]


siginfo: EXCEPTION_ACCESS_VIOLATION (0xc0000005), reading address 0x0000000000000000


Registers:
RAX=0x0000704f78a21bea, RBX=0x0000000000000000, RCX=0x0000000000000000, RDX=0x0000000000000000
RSP=0x0000009e02afebc0, RBP=0x0000000000000000, RSI=0x0000023986938000, RDI=0x0000000000000000
R8 =0x0000000000000000, R9 =0x0000000000000000, R10=0x0000000000000000, R11=0x0000009e02afe970
R12=0x0000000000000000, R13=0x00007fff52d9c050, R14=0x0000023984fe24f8, R15=0x0000009e02aff908
RIP=0x00007fff529da1a3, EFLAGS=0x0000000000010256

Top of Stack: (sp=0x0000009e02afebc0)
0x0000009e02afebc0:   0000023984feb730 00007fff52acc738
0x0000009e02afebd0:   0000009e02aff908 0000000000000400
0x0000009e02afebe0:   0000000000000000 0000023986938000
0x0000009e02afebf0:   0000e9d5e4c30779 00007fff52d9c050
0x0000009e02afec00:   0000009e02afece0 0000009e02aff908
0x0000009e02afec10:   0000023984fe24f8 00007fff52d9c050
0x0000009e02afec20:   0000000000000000 00007fff84ee0000
0x0000009e02afec30:   00007fff5300e3d8 0000000000000000
0x0000009e02afec40:   00007fff529d826a 00007fffa0d153dc
0x0000009e02afec50:   0000009e02afece0 0000000000000001
0x0000009e02afec60:   0000704f78a21bea 0000023984fe24f8
0x0000009e02afec70:   00007fff00000000 00007fff52d9c050
0x0000009e02afec80:   0000023986938000 0000009e02afeda0
0x0000009e02afec90:   0000000000000000 00007fff529d83c3
0x0000009e02afeca0:   00007fff84ec0000 00007fff84eecfc0
0x0000009e02afecb0:   0000009e02afeda0 0000023986938000 

Instructions: (pc=0x00007fff529da1a3)
0x00007fff529da0a3:   f0 ff 15 de f7 57 00 48 8b cb 41 b1 01 48 2b 8c
0x00007fff529da0b3:   24 90 00 00 00 45 33 c0 33 d2 c6 04 31 00 48 8b
0x00007fff529da0c3:   ce e8 87 0b 00 00 42 80 3c 33 3b 4a 8d 3c 33 75
0x00007fff529da0d3:   1c 0f 1f 40 00 0f 1f 84 00 00 00 00 00 48 ff c3
0x00007fff529da0e3:   ff c5 42 80 3c 33 3b 4a 8d 3c 33 74 f0 49 83 3c
0x00007fff529da0f3:   24 00 74 18 48 8b 94 24 98 00 00 00 49 8b cf e8
0x00007fff529da103:   39 ff ee ff 49 8b cc e8 a1 fe ee ff 48 8b 44 24
0x00007fff529da113:   20 48 8d 4c 24 30 49 89 47 18 48 8b 44 24 28 49
0x00007fff529da123:   89 47 20 4d 89 67 10 e8 01 30 0f 00 44 8b ed 48
0x00007fff529da133:   89 9c 24 90 00 00 00 48 3b 5c 24 38 0f 8c cd fe
0x00007fff529da143:   ff ff 4c 8b 7c 24 40 4c 8b 64 24 48 48 8b 7c 24
0x00007fff529da153:   50 48 8b 74 24 58 48 8b 9c 24 80 00 00 00 48 83
0x00007fff529da163:   c4 60 41 5e 41 5d 5d c3 cc cc cc cc cc 40 53 55
0x00007fff529da173:   56 41 55 48 81 ec b8 00 00 00 48 8b 05 64 4b 7f
0x00007fff529da183:   00 48 33 c4 48 89 84 24 a0 00 00 00 48 8b e9 48
0x00007fff529da193:   c7 c3 ff ff ff ff 0f 1f 80 00 00 00 00 48 ff c3
0x00007fff529da1a3:   80 3c 0b 00 75 f7 33 f6 c6 44 24 30 01 40 38 35
0x00007fff529da1b3:   70 4f 82 00 74 17 40 38 35 00 b6 81 00 75 0e 33
0x00007fff529da1c3:   d2 48 8d 0d 35 40 63 00 e8 60 c4 19 00 45 33 ed
0x00007fff529da1d3:   85 db 0f 8e 11 02 00 00 48 89 bc 24 e8 00 00 00
0x00007fff529da1e3:   48 8b fd 4c 89 a4 24 f0 00 00 00 48 63 c3 33 db
0x00007fff529da1f3:   4c 89 b4 24 f8 00 00 00 4c 89 bc 24 b0 00 00 00
0x00007fff529da203:   48 89 44 24 68 48 89 74 24 40 0f 1f 00 0f b6 07
0x00007fff529da213:   84 c0 74 12 3c 3b 74 0e 0f b6 44 2b 01 48 ff c3
0x00007fff529da223:   ff c6 84 c0 75 ee 48 8d 54 24 38 48 c7 44 24 38
0x00007fff529da233:   00 00 00 00 48 8d 4c 24 60 e8 6f 2e 0f 00 48 8b
0x00007fff529da243:   44 24 38 33 d2 4c 8b b0 70 02 00 00 49 8b 46 18
0x00007fff529da253:   4d 8b 66 10 48 89 44 24 50 49 8b 46 20 48 89 44
0x00007fff529da263:   24 58 49 8b 46 28 48 89 44 24 48 8b c6 41 2b c5
0x00007fff529da273:   48 63 f8 48 8d 4f 01 e8 91 1f 47 00 49 63 d5 4c
0x00007fff529da283:   8b c7 48 03 d5 48 8b c8 4c 8b f8 ff 15 f4 f5 57
0x00007fff529da293:   00 48 8b cb 48 2b 4c 24 40 80 7c 24 30 00 42 c6 



---------------  P R O C E S S  ---------------

Threads class SMR info:
_java_thread_list=0x0000023984fe2930, length=0, elements={
}

Java Threads: ( => current thread )

Other Threads:

[error occurred during error reporting (printing all threads), id 0xc0000005, EXCEPTION_ACCESS_VIOLATION (0xc0000005) at pc=0x00007fff52eeb66d]

VM state:not at safepoint (not fully initialized)

VM Mutex/Monitor currently owned by a thread: None


[error occurred during error reporting (printing compressed oops mode), id 0xc0000005, EXCEPTION_ACCESS_VIOLATION (0xc0000005) at pc=0x00007fff52f04097]

Deoptimization events (0 events):
No events

Classes redefined (0 events):
No events

Internal exceptions (0 events):
No events

Events (1 events):
Event: 0.017 Loaded shared library C:\Users\ASUS\AppData\Local\Programs\AdoptOpenJDK\jdk-11.0.8.10-hotspot\bin\zip.dll


Dynamic libraries:
0x00007ff6cc610000 - 0x00007ff6cc61d000 	C:\Users\ASUS\AppData\Local\Programs\AdoptOpenJDK\jdk-11.0.8.10-hotspot\bin\java.exe
0x00007fffa35d0000 - 0x00007fffa37c6000 	C:\WINDOWS\SYSTEM32\ntdll.dll
0x00007fffa2830000 - 0x00007fffa28ed000 	C:\WINDOWS\System32\KERNEL32.DLL
0x00007fffa0d10000 - 0x00007fffa0fd8000 	C:\WINDOWS\System32\KERNELBASE.dll
0x00007fffa0fe0000 - 0x00007fffa10e0000 	C:\WINDOWS\System32\ucrtbase.dll
0x00007fff84fd0000 - 0x00007fff84fe7000 	C:\Users\ASUS\AppData\Local\Programs\AdoptOpenJDK\jdk-11.0.8.10-hotspot\bin\jli.dll
0x00007fff84fb0000 - 0x00007fff84fc5000 	C:\Users\ASUS\AppData\Local\Programs\AdoptOpenJDK\jdk-11.0.8.10-hotspot\bin\VCRUNTIME140.dll
0x00007fffa2340000 - 0x00007fffa24e0000 	C:\WINDOWS\System32\USER32.dll
0x00007fffa10e0000 - 0x00007fffa1102000 	C:\WINDOWS\System32\win32u.dll
0x00007fff906e0000 - 0x00007fff9097b000 	C:\WINDOWS\WinSxS\amd64_microsoft.windows.common-controls_6595b64144ccf1df_6.0.19041.488_none_ca04af081b815d21\COMCTL32.dll
0x00007fffa2300000 - 0x00007fffa232a000 	C:\WINDOWS\System32\GDI32.dll
0x00007fffa1720000 - 0x00007fffa17be000 	C:\WINDOWS\System32\msvcrt.dll
0x00007fffa1110000 - 0x00007fffa1219000 	C:\WINDOWS\System32\gdi32full.dll
0x00007fffa1280000 - 0x00007fffa131d000 	C:\WINDOWS\System32\msvcp_win.dll
0x00007fffa2800000 - 0x00007fffa2830000 	C:\WINDOWS\System32\IMM32.DLL
0x00007fff84f10000 - 0x00007fff84fab000 	C:\Users\ASUS\AppData\Local\Programs\AdoptOpenJDK\jdk-11.0.8.10-hotspot\bin\msvcp140.dll
0x00007fff52810000 - 0x00007fff532cd000 	C:\Users\ASUS\AppData\Local\Programs\AdoptOpenJDK\jdk-11.0.8.10-hotspot\bin\server\jvm.dll
0x00007fffa2750000 - 0x00007fffa27fc000 	C:\WINDOWS\System32\ADVAPI32.dll
0x00007fffa26b0000 - 0x00007fffa274b000 	C:\WINDOWS\System32\sechost.dll
0x00007fffa32c0000 - 0x00007fffa33e3000 	C:\WINDOWS\System32\RPCRT4.dll
0x00007fffa1630000 - 0x00007fffa1638000 	C:\WINDOWS\System32\PSAPI.DLL
0x00007fff98700000 - 0x00007fff98727000 	C:\WINDOWS\SYSTEM32\WINMM.dll
0x00007fff8d420000 - 0x00007fff8d429000 	C:\WINDOWS\SYSTEM32\WSOCK32.dll
0x00007fffa2c30000 - 0x00007fffa2c9b000 	C:\WINDOWS\System32\WS2_32.dll
0x00007fff995c0000 - 0x00007fff995ca000 	C:\WINDOWS\SYSTEM32\VERSION.dll
0x00007fff9ec60000 - 0x00007fff9ec72000 	C:\WINDOWS\SYSTEM32\kernel.appcore.dll
0x00007fff8e0b0000 - 0x00007fff8e0c0000 	C:\Users\ASUS\AppData\Local\Programs\AdoptOpenJDK\jdk-11.0.8.10-hotspot\bin\verify.dll
0x00007fff903b0000 - 0x00007fff90594000 	C:\WINDOWS\SYSTEM32\DBGHELP.DLL
0x00007fff90380000 - 0x00007fff903ac000 	C:\WINDOWS\SYSTEM32\dbgcore.DLL
0x00007fffa1320000 - 0x00007fffa139f000 	C:\WINDOWS\System32\bcryptPrimitives.dll
0x00007fff84ee0000 - 0x00007fff84f08000 	C:\Users\ASUS\AppData\Local\Programs\AdoptOpenJDK\jdk-11.0.8.10-hotspot\bin\java.dll
0x00007fff8c820000 - 0x00007fff8c82a000 	C:\Users\ASUS\AppData\Local\Programs\AdoptOpenJDK\jdk-11.0.8.10-hotspot\bin\jimage.dll
0x00007fff84ec0000 - 0x00007fff84ed7000 	C:\Users\ASUS\AppData\Local\Programs\AdoptOpenJDK\jdk-11.0.8.10-hotspot\bin\zip.dll

dbghelp: loaded successfully - version: 4.0.5 - missing functions: none
symbol engine: initialized successfully - sym options: 0x614 - pdb path: .;C:\Users\ASUS\AppData\Local\Programs\AdoptOpenJDK\jdk-11.0.8.10-hotspot\bin;C:\WINDOWS\SYSTEM32;C:\WINDOWS\WinSxS\amd64_microsoft.windows.common-controls_6595b64144ccf1df_6.0.19041.488_none_ca04af081b815d21;C:\Users\ASUS\AppData\Local\Programs\AdoptOpenJDK\jdk-11.0.8.10-hotspot\bin\server

VM Arguments:
jvm_args: --add-modules=ALL-SYSTEM --add-opens=java.base/java.util=ALL-UNNAMED --add-opens=java.base/java.lang=ALL-UNNAMED -Declipse.application=org.eclipse.jdt.ls.core.id1 -Dosgi.bundles.defaultStartLevel=4 -Declipse.product=org.eclipse.jdt.ls.core.product -Dfile.encoding=utf8 -DwatchParentProcess=false -XX:+UseParallelGC -XX:GCTimeRatio=4 -XX:AdaptiveSizePolicyWeight=90 -Dsun.zip.disableMemoryMapping=true -Xmx1G -Xms100m -Xverify:none 
java_command: c:\Users\ASUS\.vscode\extensions\redhat.java-0.70.0\server\plugins\org.eclipse.equinox.launcher_1.6.0.v20200915-1508.jar -configuration c:\Users\ASUS\AppData\Roaming\Code\User\globalStorage\redhat.java\0.70.0\config_ss_win -data c:\Users\ASUS\AppData\Roaming\Code\User\workspaceStorage\3b54c09e33edc7289c13af6a11d8f342\redhat.java\ss_ws
java_class_path (initial): c:\Users\ASUS\.vscode\extensions\redhat.java-0.70.0\server\plugins\org.eclipse.equinox.launcher_1.6.0.v20200915-1508.jar
Launcher Type: SUN_STANDARD

[Global flags]
    uintx AdaptiveSizePolicyWeight                 = 90                                        {product} {command line}
     bool BytecodeVerificationLocal                = false                                     {product} {command line}
     bool BytecodeVerificationRemote               = false                                     {product} {command line}
    uintx GCTimeRatio                              = 4                                         {product} {command line}
   size_t InitialHeapSize                          = 104857600                                 {product} {command line}
   size_t MaxHeapSize                              = 1073741824                                {product} {command line}
    uintx ReservedCodeCacheSize                    = 251658240                              {pd product} {ergonomic}
     bool SegmentedCodeCache                       = true                                      {product} {ergonomic}
     bool UseCompressedClassPointers               = true                                 {lp64_product} {ergonomic}
     bool UseCompressedOops                        = true                                 {lp64_product} {ergonomic}
     bool UseLargePagesIndividualAllocation        = false                                  {pd product} {ergonomic}
     bool UseParallelGC                            = true                                      {product} {command line}

Logging:
Log output configuration:
 #0: stdout all=warning uptime,level,tags
 #1: stderr all=off uptime,level,tags

Environment Variables:
JAVA_HOME=C:\Users\ASUS\AppData\Local\Programs\AdoptOpenJDK\jdk-11.0.8.10-hotspot\
PATH=C:\Windows\system32;C:\Windows;C:\Windows\System32\Wbem;C:\Windows\System32\WindowsPowerShell\v1.0\;C:\Windows\System32\OpenSSH\;C:\Program Files (x86)\NVIDIA Corporation\PhysX\Common;C:\Program Files\NVIDIA Corporation\NVIDIA NvDLISR;C:\WINDOWS\system32;C:\WINDOWS;C:\WINDOWS\System32\Wbem;C:\WINDOWS\System32\WindowsPowerShell\v1.0\;C:\WINDOWS\System32\OpenSSH\;C:\Program Files\Git\cmd;C:\Program Files\MySQL\MySQL Shell 8.0\bin\;C:\Users\ASUS\AppData\Local\Programs\AdoptOpenJDK\jdk-11.0.8.10-hotspot\bin;C:\Users\ASUS\AppData\Local\Microsoft\WindowsApps;C:\Users\ASUS\AppData\Local\GitHubDesktop\bin;C:\Users\ASUS\AppData\Local\Programs\Microsoft VS Code\bin;C:\Users\ASUS\AppData\Local\Microsoft\WindowsApps;
USERNAME=Nitesh Prasad
OS=Windows_NT
PROCESSOR_IDENTIFIER=AMD64 Family 23 Model 24 Stepping 1, AuthenticAMD



---------------  S Y S T E M  ---------------

OS: Windows 10 , 64 bit Build 19041 (10.0.19041.546)
OS uptime: 0 days 22:01 hours

CPU:total 8 (initial active 8) 

Memory: 4k page, system-wide physical 8001M (3169M free)
TotalPageFile size 10305M (AvailPageFile size 3201M)
current process WorkingSet (physical memory assigned to process): 8M, peak: 8M
current process commit charge ("private bytes"): 3M, peak: 3M

vm_info: OpenJDK 64-Bit Server VM (11.0.8+10) for windows-amd64 JRE (11.0.8+10), built on Jul 15 2020 11:45:54 by "" with MS VC++ 15.9 (VS2017)

END.
